<?xml version="1.0" encoding="UTF-8"?>
<testsuite xmlns:xsi="http://www.w3.org/2001/XMLSchema-instance" xsi:noNamespaceSchemaLocation="https://maven.apache.org/surefire/maven-surefire-plugin/xsd/surefire-test-report.xsd" version="3.0.2" name="com.example.demo.DemoApplicationTests" time="5.456" tests="1" errors="0" skipped="0" failures="0">
  <properties>
[...]
</properties>
  <testcase name="contextLoads" classname="com.example.demo.DemoApplicationTests" time="1.08">
    <system-out><![CDATA[21:16:00.901 [main] INFO org.springframework.test.context.support.AnnotationConfigContextLoaderUtils -- Could not detect default configuration classes for test class [com.example.demo.DemoApplicationTests]: DemoApplicationTests does not declare any static, non-private, non-final, nested classes annotated with @Configuration.
21:16:01.048 [main] INFO org.springframework.boot.test.context.SpringBootTestContextBootstrapper -- Found @SpringBootConfiguration com.example.demo.DemoApplication for test class com.example.demo.DemoApplicationTests

  .   ____          _            __ _ _
 /\\ / ___'_ __ _ _(_)_ __  __ _ \ \ \ \
( ( )\___ | '_ | '_| | '_ \/ _` | \ \ \ \
 \\/  ___)| |_)| | | | | || (_| |  ) ) ) )
  '  |____| .__|_| |_|_| |_\__, | / / / /
 =========|_|==============|___/=/_/_/_/

 :: Spring Boot ::                (v3.4.3)

2025-04-17T21:16:01.612+05:30  INFO 19660 --- [demo] [           main] com.example.demo.DemoApplicationTests    : Starting DemoApplicationTests using Java 17.0.8 with PID 19660 (started by User in D:\Cyber nest\paf-2025\learn-vault-api)
2025-04-17T21:16:01.618+05:30  INFO 19660 --- [demo] [           main] com.example.demo.DemoApplicationTests    : No active profile set, falling back to 1 default profile: "default"
2025-04-17T21:16:02.578+05:30  INFO 19660 --- [demo] [           main] .s.d.r.c.RepositoryConfigurationDelegate : Bootstrapping Spring Data MongoDB repositories in DEFAULT mode.
2025-04-17T21:16:02.681+05:30  INFO 19660 --- [demo] [           main] .s.d.r.c.RepositoryConfigurationDelegate : Finished Spring Data repository scanning in 96 ms. Found 3 MongoDB repository interfaces.
2025-04-17T21:16:03.493+05:30  INFO 19660 --- [demo] [           main] org.mongodb.driver.client                : MongoClient with metadata {"application": {"name": "Cluster0"}, "driver": {"name": "mongo-java-driver|sync|spring-boot", "version": "5.2.1"}, "os": {"type": "Windows", "name": "Windows 11", "architecture": "amd64", "version": "10.0"}, "platform": "Java/Oracle Corporation/17.0.8+9-LTS-211"} created with settings MongoClientSettings{readPreference=primary, writeConcern=WriteConcern{w=majority, wTimeout=null ms, journal=null}, retryWrites=true, retryReads=true, readConcern=ReadConcern{level=null}, credential=MongoCredential{mechanism=null, userName='naatamazon', source='admin', password=<hidden>, mechanismProperties=<hidden>}, transportSettings=null, commandListeners=[], codecRegistry=ProvidersCodecRegistry{codecProviders=[ValueCodecProvider{}, BsonValueCodecProvider{}, DBRefCodecProvider{}, DBObjectCodecProvider{}, DocumentCodecProvider{}, CollectionCodecProvider{}, IterableCodecProvider{}, MapCodecProvider{}, GeoJsonCodecProvider{}, GridFSFileCodecProvider{}, Jsr310CodecProvider{}, JsonObjectCodecProvider{}, BsonCodecProvider{}, EnumCodecProvider{}, com.mongodb.client.model.mql.ExpressionCodecProvider@5b202ff, com.mongodb.Jep395RecordCodecProvider@58a84a12, com.mongodb.KotlinCodecProvider@e700eba]}, loggerSettings=LoggerSettings{maxDocumentLength=1000}, clusterSettings={hosts=[127.0.0.1:27017], srvHost=cluster0.tscdl.mongodb.net, srvServiceName=mongodb, mode=MULTIPLE, requiredClusterType=REPLICA_SET, requiredReplicaSetName='atlas-kod52i-shard-0', serverSelector='null', clusterListeners='[]', serverSelectionTimeout='30000 ms', localThreshold='15 ms'}, socketSettings=SocketSettings{connectTimeoutMS=10000, readTimeoutMS=0, receiveBufferSize=0, proxySettings=ProxySettings{host=null, port=null, username=null, password=null}}, heartbeatSocketSettings=SocketSettings{connectTimeoutMS=10000, readTimeoutMS=10000, receiveBufferSize=0, proxySettings=ProxySettings{host=null, port=null, username=null, password=null}}, connectionPoolSettings=ConnectionPoolSettings{maxSize=100, minSize=0, maxWaitTimeMS=120000, maxConnectionLifeTimeMS=0, maxConnectionIdleTimeMS=0, maintenanceInitialDelayMS=0, maintenanceFrequencyMS=60000, connectionPoolListeners=[], maxConnecting=2}, serverSettings=ServerSettings{heartbeatFrequencyMS=10000, minHeartbeatFrequencyMS=500, serverMonitoringMode=AUTO, serverListeners='[]', serverMonitorListeners='[]'}, sslSettings=SslSettings{enabled=true, invalidHostNameAllowed=false, context=null}, applicationName='Cluster0', compressorList=[], uuidRepresentation=JAVA_LEGACY, serverApi=null, autoEncryptionSettings=null, dnsClient=null, inetAddressResolver=null, contextProvider=null, timeoutMS=null}
2025-04-17T21:16:03.544+05:30  INFO 19660 --- [demo] [cdl.mongodb.net] org.mongodb.driver.cluster               : Adding discovered server cluster0-shard-00-01.tscdl.mongodb.net:27017 to client view of cluster
2025-04-17T21:16:03.571+05:30  INFO 19660 --- [demo] [cdl.mongodb.net] org.mongodb.driver.cluster               : Adding discovered server cluster0-shard-00-02.tscdl.mongodb.net:27017 to client view of cluster
2025-04-17T21:16:03.575+05:30  INFO 19660 --- [demo] [cdl.mongodb.net] org.mongodb.driver.cluster               : Adding discovered server cluster0-shard-00-00.tscdl.mongodb.net:27017 to client view of cluster
2025-04-17T21:16:04.130+05:30  INFO 19660 --- [demo] [           main] r$InitializeUserDetailsManagerConfigurer : Global AuthenticationManager configured with UserDetailsService bean with name userDetailsServiceImpl
2025-04-17T21:16:04.771+05:30  INFO 19660 --- [demo] [ngodb.net:27017] org.mongodb.driver.cluster               : Monitor thread successfully connected to server with description ServerDescription{address=cluster0-shard-00-00.tscdl.mongodb.net:27017, type=REPLICA_SET_SECONDARY, cryptd=false, state=CONNECTED, ok=true, minWireVersion=0, maxWireVersion=25, maxDocumentSize=16777216, logicalSessionTimeoutMinutes=30, roundTripTimeNanos=535015000, minRoundTripTimeNanos=0, setName='atlas-kod52i-shard-0', canonicalAddress=cluster0-shard-00-00.tscdl.mongodb.net:27017, hosts=[cluster0-shard-00-00.tscdl.mongodb.net:27017, cluster0-shard-00-02.tscdl.mongodb.net:27017, cluster0-shard-00-01.tscdl.mongodb.net:27017], passives=[], arbiters=[], primary='cluster0-shard-00-01.tscdl.mongodb.net:27017', tagSet=TagSet{[Tag{name='availabilityZone', value='aps1-az1'}, Tag{name='diskState', value='READY'}, Tag{name='nodeType', value='ELECTABLE'}, Tag{name='provider', value='AWS'}, Tag{name='region', value='AP_SOUTH_1'}, Tag{name='workloadType', value='OPERATIONAL'}]}, electionId=null, setVersion=1, topologyVersion=TopologyVersion{processId=6800acfde7b8bce042b9d9d4, counter=4}, lastWriteDate=Thu Apr 17 21:16:06 IST 2025, lastUpdateTimeNanos=40898492406200}
2025-04-17T21:16:04.772+05:30  INFO 19660 --- [demo] [ngodb.net:27017] org.mongodb.driver.cluster               : Monitor thread successfully connected to server with description ServerDescription{address=cluster0-shard-00-01.tscdl.mongodb.net:27017, type=REPLICA_SET_PRIMARY, cryptd=false, state=CONNECTED, ok=true, minWireVersion=0, maxWireVersion=25, maxDocumentSize=16777216, logicalSessionTimeoutMinutes=30, roundTripTimeNanos=534515100, minRoundTripTimeNanos=0, setName='atlas-kod52i-shard-0', canonicalAddress=cluster0-shard-00-01.tscdl.mongodb.net:27017, hosts=[cluster0-shard-00-00.tscdl.mongodb.net:27017, cluster0-shard-00-02.tscdl.mongodb.net:27017, cluster0-shard-00-01.tscdl.mongodb.net:27017], passives=[], arbiters=[], primary='cluster0-shard-00-01.tscdl.mongodb.net:27017', tagSet=TagSet{[Tag{name='availabilityZone', value='aps1-az3'}, Tag{name='diskState', value='READY'}, Tag{name='nodeType', value='ELECTABLE'}, Tag{name='provider', value='AWS'}, Tag{name='region', value='AP_SOUTH_1'}, Tag{name='workloadType', value='OPERATIONAL'}]}, electionId=7fffffff0000000000000087, setVersion=1, topologyVersion=TopologyVersion{processId=6800ae15fbb276339d4f9123, counter=6}, lastWriteDate=Thu Apr 17 21:16:06 IST 2025, lastUpdateTimeNanos=40898491909400}
2025-04-17T21:16:04.773+05:30  INFO 19660 --- [demo] [ngodb.net:27017] org.mongodb.driver.cluster               : Monitor thread successfully connected to server with description ServerDescription{address=cluster0-shard-00-02.tscdl.mongodb.net:27017, type=REPLICA_SET_SECONDARY, cryptd=false, state=CONNECTED, ok=true, minWireVersion=0, maxWireVersion=25, maxDocumentSize=16777216, logicalSessionTimeoutMinutes=30, roundTripTimeNanos=542868800, minRoundTripTimeNanos=0, setName='atlas-kod52i-shard-0', canonicalAddress=cluster0-shard-00-02.tscdl.mongodb.net:27017, hosts=[cluster0-shard-00-00.tscdl.mongodb.net:27017, cluster0-shard-00-02.tscdl.mongodb.net:27017, cluster0-shard-00-01.tscdl.mongodb.net:27017], passives=[], arbiters=[], primary='cluster0-shard-00-01.tscdl.mongodb.net:27017', tagSet=TagSet{[Tag{name='availabilityZone', value='aps1-az2'}, Tag{name='diskState', value='READY'}, Tag{name='nodeType', value='ELECTABLE'}, Tag{name='provider', value='AWS'}, Tag{name='region', value='AP_SOUTH_1'}, Tag{name='workloadType', value='OPERATIONAL'}]}, electionId=null, setVersion=1, topologyVersion=TopologyVersion{processId=6800af586b7319cc90e7d137, counter=3}, lastWriteDate=Thu Apr 17 21:16:06 IST 2025, lastUpdateTimeNanos=40898492317300}
2025-04-17T21:16:04.776+05:30  INFO 19660 --- [demo] [ngodb.net:27017] org.mongodb.driver.cluster               : Discovered replica set primary cluster0-shard-00-01.tscdl.mongodb.net:27017 with max election id 7fffffff0000000000000087 and max set version 1
2025-04-17T21:16:05.070+05:30  INFO 19660 --- [demo] [           main] com.example.demo.DemoApplicationTests    : Started DemoApplicationTests in 3.835 seconds (process running for 4.964)
]]></system-out>
  </testcase>
</testsuite>